c:\users\鲍沛泽\desktop\工作&学习\酷q开发\机器人应用\跑c++\runcpp\cqpdemo\release\vc141.pdb
c:\users\鲍沛泽\desktop\工作&学习\酷q开发\机器人应用\跑c++\runcpp\cqpdemo\release\appmain.obj
c:\users\鲍沛泽\desktop\工作&学习\酷q开发\机器人应用\跑c++\runcpp\cqpdemo\release\dllmain.obj
c:\users\鲍沛泽\desktop\工作&学习\酷q开发\机器人应用\跑c++\runcpp\cqpdemo\release\curlpost.obj
c:\users\鲍沛泽\desktop\工作&学习\酷q开发\机器人应用\跑c++\runcpp\cqpdemo\release\jsoncpp.obj
c:\users\鲍沛泽\desktop\工作&学习\酷q开发\机器人应用\跑c++\runcpp\release\top.wellsun.runcpp.dll
c:\users\鲍沛泽\desktop\工作&学习\酷q开发\机器人应用\跑c++\runcpp\release\top.wellsun.runcpp.pdb
c:\users\鲍沛泽\desktop\工作&学习\酷q开发\机器人应用\跑c++\runcpp\release\top.wellsun.runcpp.lib
c:\users\鲍沛泽\desktop\工作&学习\酷q开发\机器人应用\跑c++\runcpp\release\top.wellsun.runcpp.exp
c:\users\鲍沛泽\desktop\工作&学习\酷q开发\机器人应用\跑c++\runcpp\release\top.wellsun.runcpp.ipdb
c:\users\鲍沛泽\desktop\工作&学习\酷q开发\机器人应用\跑c++\runcpp\release\top.wellsun.runcpp.iobj
c:\users\鲍沛泽\desktop\工作&学习\酷q开发\大酱0.0.2\runcpp\cqpdemo\release\appmain.obj
c:\users\鲍沛泽\desktop\工作&学习\酷q开发\大酱0.0.2\runcpp\cqpdemo\release\curlpost.obj
c:\users\鲍沛泽\desktop\工作&学习\酷q开发\大酱0.0.2\runcpp\cqpdemo\release\dllmain.obj
c:\users\鲍沛泽\desktop\工作&学习\酷q开发\大酱0.0.2\runcpp\cqpdemo\release\jsoncpp.obj
c:\users\鲍沛泽\desktop\工作&学习\酷q开发\大酱0.0.2\runcpp\cqpdemo\release\vc141.pdb
c:\users\鲍沛泽\desktop\工作&学习\酷q开发\大酱0.0.2\runcpp\release\top.wellsun.runcpp.pdb
c:\users\鲍沛泽\desktop\工作&学习\酷q开发\大酱0.0.2\runcpp\release\top.wellsun.runcpp.dll
c:\users\鲍沛泽\desktop\工作&学习\酷q开发\大酱0.0.2\runcpp\cqpdemo\release\top.well.9d36eaff.tlog\cl.command.1.tlog
c:\users\鲍沛泽\desktop\工作&学习\酷q开发\大酱0.0.2\runcpp\cqpdemo\release\top.well.9d36eaff.tlog\cl.read.1.tlog
c:\users\鲍沛泽\desktop\工作&学习\酷q开发\大酱0.0.2\runcpp\cqpdemo\release\top.well.9d36eaff.tlog\cl.write.1.tlog
c:\users\鲍沛泽\desktop\工作&学习\酷q开发\大酱0.0.2\runcpp\cqpdemo\release\top.well.9d36eaff.tlog\link.command.1.tlog
c:\users\鲍沛泽\desktop\工作&学习\酷q开发\大酱0.0.2\runcpp\cqpdemo\release\top.well.9d36eaff.tlog\link.read.1.tlog
c:\users\鲍沛泽\desktop\工作&学习\酷q开发\大酱0.0.2\runcpp\cqpdemo\release\top.well.9d36eaff.tlog\link.write.1.tlog
c:\users\鲍沛泽\desktop\工作&学习\酷q开发\大酱0.0.2\runcpp\cqpdemo\release\top.well.9d36eaff.tlog\top.wellsun.runcpp.write.1u.tlog
